2023/10/12 22:46:06 
[ ORBSTRIKE Warning ]:
gRPC socket does not run with TLS and is not encrypted!

2023/10/12 22:46:06 
[ ORBSTRIKE Information ]:
Listening to port 50050
2023/10/12 22:46:06 
[ ORBSTRIKE Panic ]:
CLUSTERDOWN Hash slot not served

2023/10/12 22:51:50 
[ ORBSTRIKE Warning ]:
gRPC socket does not run with TLS and is not encrypted!

2023/10/12 22:51:50 
[ ORBSTRIKE Information ]:
Listening to port 50050
2023/10/12 22:51:50 
[ ORBSTRIKE Panic ]:
CLUSTERDOWN Hash slot not served

2023/10/12 23:45:57 
[ ORBSTRIKE Warning ]:
gRPC socket does not run with TLS and is not encrypted!

2023/10/12 23:45:57 
[ ORBSTRIKE Information ]:
Listening to port 50050
2023/10/12 23:46:23 
[ ORBSTRIKE Panic ]:
dial tcp 127.0.0.1:7003: connect: connection refused

2023/10/13 20:06:07 
[ ORBSTRIKE Warning ]:
gRPC socket does not run with TLS and is not encrypted!

2023/10/13 20:06:07 
[ ORBSTRIKE Information ]:
Listening to port 50050
2023/10/13 20:08:20 
[ ORBSTRIKE Warning ]:
gRPC socket does not run with TLS and is not encrypted!

2023/10/13 20:08:20 
[ ORBSTRIKE Information ]:
Listening to port 50050
2023/10/13 23:39:36 
[ ORBSTRIKE Warning ]:
gRPC socket does not run with TLS and is not encrypted!

2023/10/13 23:39:36 
[ ORBSTRIKE Information ]:
Listening to port 50050
2023/10/14 12:19:20 
[ ORBSTRIKE Warning ]:
gRPC socket does not run with TLS and is not encrypted!

2023/10/14 12:19:20 
[ ORBSTRIKE Information ]:
Listening to port 50050
